# JRE version: OpenJDK Runtime Environment (17.0.6) (build 17.0.6+0-b2043.56-9586694)
# Java VM: OpenJDK 64-Bit Server VM (17.0.6+0-b2043.56-9586694, mixed mode, tiered, compressed oops, compressed class ptrs, g1 gc, windows-amd64)
GC Precious Log:
 CPUs: 8 total, 8 available
 Memory: 7991M
 Large Page Support: Disabled
 NUMA Support: Disabled
 Compressed Oops: Enabled (32-bit)
 Heap Region Size: 1M
 Heap Min Capacity: 8M
 Heap Initial Capacity: 126M
 Heap Max Capacity: 2G
 Pre-touch: Disabled
 Parallel Workers: 8
 Concurrent Workers: 2
 Concurrent Refinement Workers: 8
 Periodic GC: Disabled
Heap:
 garbage-first heap   total 306176K, used 146175K [0x0000000080000000, 0x0000000100000000)
  region size 1024K, 4 young (4096K), 4 survivors (4096K)
 Metaspace       used 132130K, committed 133120K, reserved 1171456K
  class space    used 17587K, committed 18048K, reserved 1048576K
GC Heap History (20 events):
Event: 293.450 GC heap after
{Heap after GC invocations=57 (full 0):
 garbage-first heap   total 252928K, used 121138K [0x0000000080000000, 0x0000000100000000)
  region size 1024K, 2 young (2048K), 2 survivors (2048K)
 Metaspace       used 118188K, committed 118976K, reserved 1155072K
  class space    used 15614K, committed 16000K, reserved 1048576K
}
Event: 539.339 GC heap before
{Heap before GC invocations=57 (full 0):
 garbage-first heap   total 252928K, used 218418K [0x0000000080000000, 0x0000000100000000)
  region size 1024K, 84 young (86016K), 2 survivors (2048K)
 Metaspace       used 130012K, committed 130816K, reserved 1163264K
  class space    used 17484K, committed 17856K, reserved 1048576K
}
Event: 539.466 GC heap after
{Heap after GC invocations=58 (full 0):
 garbage-first heap   total 252928K, used 124722K [0x0000000080000000, 0x0000000100000000)
  region size 1024K, 5 young (5120K), 5 survivors (5120K)
 Metaspace       used 130012K, committed 130816K, reserved 1163264K
  class space    used 17484K, committed 17856K, reserved 1048576K
}
Event: 541.667 GC heap before
{Heap before GC invocations=58 (full 0):
 garbage-first heap   total 252928K, used 180018K [0x0000000080000000, 0x0000000100000000)
  region size 1024K, 61 young (62464K), 5 survivors (5120K)
 Metaspace       used 130409K, committed 131200K, reserved 1163264K
  class space    used 17491K, committed 17856K, reserved 1048576K
}
Event: 541.691 GC heap after
{Heap after GC invocations=59 (full 0):
 garbage-first heap   total 252928K, used 132624K [0x0000000080000000, 0x0000000100000000)
  region size 1024K, 11 young (11264K), 11 survivors (11264K)
 Metaspace       used 130409K, committed 131200K, reserved 1163264K
  class space    used 17491K, committed 17856K, reserved 1048576K
}
Event: 542.840 GC heap before
{Heap before GC invocations=60 (full 0):
 garbage-first heap   total 271360K, used 205328K [0x0000000080000000, 0x0000000100000000)
  region size 1024K, 81 young (82944K), 11 survivors (11264K)
 Metaspace       used 131006K, committed 131904K, reserved 1163264K
  class space    used 17538K, committed 17920K, reserved 1048576K
}
Event: 542.883 GC heap after
{Heap after GC invocations=61 (full 0):
 garbage-first heap   total 271360K, used 142879K [0x0000000080000000, 0x0000000100000000)
  region size 1024K, 9 young (9216K), 9 survivors (9216K)
 Metaspace       used 131006K, committed 131904K, reserved 1163264K
  class space    used 17538K, committed 17920K, reserved 1048576K
}
Event: 542.978 GC heap before
{Heap before GC invocations=61 (full 0):
 garbage-first heap   total 271360K, used 161311K [0x0000000080000000, 0x0000000100000000)
  region size 1024K, 13 young (13312K), 9 survivors (9216K)
 Metaspace       used 131024K, committed 131904K, reserved 1163264K
  class space    used 17538K, committed 17920K, reserved 1048576K
}
Event: 543.005 GC heap after
{Heap after GC invocations=62 (full 0):
 garbage-first heap   total 271360K, used 141410K [0x0000000080000000, 0x0000000100000000)
  region size 1024K, 2 young (2048K), 2 survivors (2048K)
 Metaspace       used 131024K, committed 131904K, reserved 1163264K
  class space    used 17538K, committed 17920K, reserved 1048576K
}
Event: 581.379 GC heap before
{Heap before GC invocations=62 (full 0):
 garbage-first heap   total 271360K, used 221282K [0x0000000080000000, 0x0000000100000000)
  region size 1024K, 79 young (80896K), 2 survivors (2048K)
 Metaspace       used 131477K, committed 132352K, reserved 1171456K
  class space    used 17581K, committed 17984K, reserved 1048576K
}
Event: 581.402 GC heap after
{Heap after GC invocations=63 (full 0):
 garbage-first heap   total 271360K, used 155284K [0x0000000080000000, 0x0000000100000000)
  region size 1024K, 10 young (10240K), 10 survivors (10240K)
 Metaspace       used 131477K, committed 132352K, reserved 1171456K
  class space    used 17581K, committed 17984K, reserved 1048576K
}
Event: 582.020 GC heap before
{Heap before GC invocations=63 (full 0):
 garbage-first heap   total 271360K, used 219796K [0x0000000080000000, 0x0000000100000000)
  region size 1024K, 73 young (74752K), 10 survivors (10240K)
 Metaspace       used 132109K, committed 133056K, reserved 1171456K
  class space    used 17607K, committed 18048K, reserved 1048576K
}
Event: 582.037 GC heap after
{Heap after GC invocations=64 (full 0):
 garbage-first heap   total 271360K, used 161654K [0x0000000080000000, 0x0000000100000000)
  region size 1024K, 9 young (9216K), 9 survivors (9216K)
 Metaspace       used 132109K, committed 133056K, reserved 1171456K
  class space    used 17607K, committed 18048K, reserved 1048576K
}
Event: 582.129 GC heap before
{Heap before GC invocations=64 (full 0):
 garbage-first heap   total 271360K, used 165750K [0x0000000080000000, 0x0000000100000000)
  region size 1024K, 14 young (14336K), 9 survivors (9216K)
 Metaspace       used 132148K, committed 133120K, reserved 1171456K
  class space    used 17608K, committed 18048K, reserved 1048576K
}
Event: 582.157 GC heap after
{Heap after GC invocations=65 (full 0):
 garbage-first heap   total 271360K, used 162486K [0x0000000080000000, 0x0000000100000000)
  region size 1024K, 2 young (2048K), 2 survivors (2048K)
 Metaspace       used 132148K, committed 133120K, reserved 1171456K
  class space    used 17608K, committed 18048K, reserved 1048576K
}
Event: 757.700 GC heap before
{Heap before GC invocations=66 (full 0):
 garbage-first heap   total 306176K, used 235190K [0x0000000080000000, 0x0000000100000000)
  region size 1024K, 62 young (63488K), 2 survivors (2048K)
 Metaspace       used 132066K, committed 133120K, reserved 1171456K
  class space    used 17586K, committed 18048K, reserved 1048576K
}
Event: 757.743 GC heap after
{Heap after GC invocations=67 (full 0):
 garbage-first heap   total 306176K, used 165927K [0x0000000080000000, 0x0000000100000000)
  region size 1024K, 8 young (8192K), 8 survivors (8192K)
 Metaspace       used 132066K, committed 133120K, reserved 1171456K
  class space    used 17586K, committed 18048K, reserved 1048576K
}
Event: 757.813 GC heap before
{Heap before GC invocations=67 (full 0):
 garbage-first heap   total 306176K, used 172071K [0x0000000080000000, 0x0000000100000000)
  region size 1024K, 14 young (14336K), 8 survivors (8192K)
 Metaspace       used 132077K, committed 133120K, reserved 1171456K
  class space    used 17586K, committed 18048K, reserved 1048576K
}
Event: 757.874 GC heap after
{Heap after GC invocations=68 (full 0):
 garbage-first heap   total 306176K, used 144199K [0x0000000080000000, 0x0000000100000000)
  region size 1024K, 2 young (2048K), 2 survivors (2048K)
 Metaspace       used 132077K, committed 133120K, reserved 1171456K
  class space    used 17586K, committed 18048K, reserved 1048576K
}
Event: 758.330 GC heap before
{Heap before GC invocations=68 (full 0):
 garbage-first heap   total 306176K, used 160583K [0x0000000080000000, 0x0000000100000000)
  region size 1024K, 19 young (19456K), 2 survivors (2048K)
 Metaspace       used 132130K, committed 133120K, reserved 1171456K
  class space    used 17587K, committed 18048K, reserved 1048576K
}

